# JRE version: Java(TM) SE Runtime Environment (8.0_101-b13) (build 1.8.0_101-b13)
# Java VM: Java HotSpot(TM) 64-Bit Server VM (25.101-b13 mixed mode linux-amd64 compressed oops)
Heap:
 PSYoungGen      total 200192K, used 30383K [0x00000000eab00000, 0x00000000f9380000, 0x0000000100000000)
  eden space 163840K, 18% used [0x00000000eab00000,0x00000000ec8abf80,0x00000000f4b00000)
  from space 36352K, 0% used [0x00000000f4b00000,0x00000000f4b00000,0x00000000f6e80000)
  to   space 34304K, 0% used [0x00000000f7200000,0x00000000f7200000,0x00000000f9380000)
 ParOldGen       total 110592K, used 39466K [0x00000000c0000000, 0x00000000c6c00000, 0x00000000eab00000)
  object space 110592K, 35% used [0x00000000c0000000,0x00000000c268aa18,0x00000000c6c00000)
 Metaspace       used 56135K, capacity 57398K, committed 57600K, reserved 1099776K
  class space    used 7530K, capacity 7849K, committed 7936K, reserved 1048576K
GC Heap History (10 events):
Event: 13.606 GC heap before
{Heap before GC invocations=14 (full 2):
 PSYoungGen      total 138240K, used 138239K [0x00000000eab00000, 0x00000000f6280000, 0x0000000100000000)
  eden space 122880K, 100% used [0x00000000eab00000,0x00000000f2300000,0x00000000f2300000)
  from space 15360K, 99% used [0x00000000f2300000,0x00000000f31ffd08,0x00000000f3200000)
  to   space 20992K, 0% used [0x00000000f4e00000,0x00000000f4e00000,0x00000000f6280000)
 ParOldGen       total 110592K, used 32903K [0x00000000c0000000, 0x00000000c6c00000, 0x00000000eab00000)
  object space 110592K, 29% used [0x00000000c0000000,0x00000000c2021e28,0x00000000c6c00000)
 Metaspace       used 49971K, capacity 50950K, committed 51200K, reserved 1093632K
  class space    used 6820K, capacity 7113K, committed 7168K, reserved 1048576K
Event: 13.632 GC heap after
Heap after GC invocations=14 (full 2):
 PSYoungGen      total 164352K, used 20467K [0x00000000eab00000, 0x00000000f6700000, 0x0000000100000000)
  eden space 143360K, 0% used [0x00000000eab00000,0x00000000eab00000,0x00000000f3700000)
  from space 20992K, 97% used [0x00000000f4e00000,0x00000000f61fcdd0,0x00000000f6280000)
  to   space 23552K, 0% used [0x00000000f3700000,0x00000000f3700000,0x00000000f4e00000)
 ParOldGen       total 110592K, used 32911K [0x00000000c0000000, 0x00000000c6c00000, 0x00000000eab00000)
  object space 110592K, 29% used [0x00000000c0000000,0x00000000c2023e28,0x00000000c6c00000)
 Metaspace       used 49971K, capacity 50950K, committed 51200K, reserved 1093632K
  class space    used 6820K, capacity 7113K, committed 7168K, reserved 1048576K
}
Event: 15.062 GC heap before
{Heap before GC invocations=15 (full 2):
 PSYoungGen      total 164352K, used 163827K [0x00000000eab00000, 0x00000000f6700000, 0x0000000100000000)
  eden space 143360K, 100% used [0x00000000eab00000,0x00000000f3700000,0x00000000f3700000)
  from space 20992K, 97% used [0x00000000f4e00000,0x00000000f61fcdd0,0x00000000f6280000)
  to   space 23552K, 0% used [0x00000000f3700000,0x00000000f3700000,0x00000000f4e00000)
 ParOldGen       total 110592K, used 32911K [0x00000000c0000000, 0x00000000c6c00000, 0x00000000eab00000)
  object space 110592K, 29% used [0x00000000c0000000,0x00000000c2023e28,0x00000000c6c00000)
 Metaspace       used 50019K, capacity 51014K, committed 51200K, reserved 1093632K
  class space    used 6820K, capacity 7113K, committed 7168K, reserved 1048576K
Event: 15.100 GC heap after
Heap after GC invocations=15 (full 2):
 PSYoungGen      total 166912K, used 23530K [0x00000000eab00000, 0x00000000f8980000, 0x0000000100000000)
  eden space 143360K, 0% used [0x00000000eab00000,0x00000000eab00000,0x00000000f3700000)
  from space 23552K, 99% used [0x00000000f3700000,0x00000000f4dfabc8,0x00000000f4e00000)
  to   space 27648K, 0% used [0x00000000f6e80000,0x00000000f6e80000,0x00000000f8980000)
 ParOldGen       total 110592K, used 34143K [0x00000000c0000000, 0x00000000c6c00000, 0x00000000eab00000)
  object space 110592K, 30% used [0x00000000c0000000,0x00000000c2157e30,0x00000000c6c00000)
 Metaspace       used 50019K, capacity 51014K, committed 51200K, reserved 1093632K
  class space    used 6820K, capacity 7113K, committed 7168K, reserved 1048576K
}
Event: 20.538 GC heap before
{Heap before GC invocations=16 (full 2):
 PSYoungGen      total 166912K, used 166890K [0x00000000eab00000, 0x00000000f8980000, 0x0000000100000000)
  eden space 143360K, 100% used [0x00000000eab00000,0x00000000f3700000,0x00000000f3700000)
  from space 23552K, 99% used [0x00000000f3700000,0x00000000f4dfabc8,0x00000000f4e00000)
  to   space 27648K, 0% used [0x00000000f6e80000,0x00000000f6e80000,0x00000000f8980000)
 ParOldGen       total 110592K, used 34143K [0x00000000c0000000, 0x00000000c6c00000, 0x00000000eab00000)
  object space 110592K, 30% used [0x00000000c0000000,0x00000000c2157e30,0x00000000c6c00000)
 Metaspace       used 55554K, capacity 56676K, committed 56704K, reserved 1097728K
  class space    used 7470K, capacity 7794K, committed 7808K, reserved 1048576K
Event: 20.578 GC heap after
Heap after GC invocations=16 (full 2):
 PSYoungGen      total 191488K, used 27644K [0x00000000eab00000, 0x00000000f9780000, 0x0000000100000000)
  eden space 163840K, 0% used [0x00000000eab00000,0x00000000eab00000,0x00000000f4b00000)
  from space 27648K, 99% used [0x00000000f6e80000,0x00000000f897f1f8,0x00000000f8980000)
  to   space 36352K, 0% used [0x00000000f4b00000,0x00000000f4b00000,0x00000000f6e80000)
 ParOldGen       total 110592K, used 46510K [0x00000000c0000000, 0x00000000c6c00000, 0x00000000eab00000)
  object space 110592K, 42% used [0x00000000c0000000,0x00000000c2d6b8b8,0x00000000c6c00000)
 Metaspace       used 55554K, capacity 56676K, committed 56704K, reserved 1097728K
  class space    used 7470K, capacity 7794K, committed 7808K, reserved 1048576K
}
Event: 21.195 GC heap before
{Heap before GC invocations=17 (full 2):
 PSYoungGen      total 191488K, used 70840K [0x00000000eab00000, 0x00000000f9780000, 0x0000000100000000)
  eden space 163840K, 26% used [0x00000000eab00000,0x00000000ed52f1a8,0x00000000f4b00000)
  from space 27648K, 99% used [0x00000000f6e80000,0x00000000f897f1f8,0x00000000f8980000)
  to   space 36352K, 0% used [0x00000000f4b00000,0x00000000f4b00000,0x00000000f6e80000)
 ParOldGen       total 110592K, used 46510K [0x00000000c0000000, 0x00000000c6c00000, 0x00000000eab00000)
  object space 110592K, 42% used [0x00000000c0000000,0x00000000c2d6b8b8,0x00000000c6c00000)
 Metaspace       used 55937K, capacity 57058K, committed 57344K, reserved 1099776K
  class space    used 7515K, capacity 7831K, committed 7936K, reserved 1048576K
Event: 21.218 GC heap after
Heap after GC invocations=17 (full 2):
 PSYoungGen      total 200192K, used 14596K [0x00000000eab00000, 0x00000000f9380000, 0x0000000100000000)
  eden space 163840K, 0% used [0x00000000eab00000,0x00000000eab00000,0x00000000f4b00000)
  from space 36352K, 40% used [0x00000000f4b00000,0x00000000f59410b0,0x00000000f6e80000)
  to   space 34304K, 0% used [0x00000000f7200000,0x00000000f7200000,0x00000000f9380000)
 ParOldGen       total 110592K, used 53470K [0x00000000c0000000, 0x00000000c6c00000, 0x00000000eab00000)
  object space 110592K, 48% used [0x00000000c0000000,0x00000000c3437958,0x00000000c6c00000)
 Metaspace       used 55937K, capacity 57058K, committed 57344K, reserved 1099776K
  class space    used 7515K, capacity 7831K, committed 7936K, reserved 1048576K
}
Event: 21.218 GC heap before
{Heap before GC invocations=18 (full 3):
 PSYoungGen      total 200192K, used 14596K [0x00000000eab00000, 0x00000000f9380000, 0x0000000100000000)
  eden space 163840K, 0% used [0x00000000eab00000,0x00000000eab00000,0x00000000f4b00000)
  from space 36352K, 40% used [0x00000000f4b00000,0x00000000f59410b0,0x00000000f6e80000)
  to   space 34304K, 0% used [0x00000000f7200000,0x00000000f7200000,0x00000000f9380000)
 ParOldGen       total 110592K, used 53470K [0x00000000c0000000, 0x00000000c6c00000, 0x00000000eab00000)
  object space 110592K, 48% used [0x00000000c0000000,0x00000000c3437958,0x00000000c6c00000)
 Metaspace       used 55937K, capacity 57058K, committed 57344K, reserved 1099776K
  class space    used 7515K, capacity 7831K, committed 7936K, reserved 1048576K
Event: 21.421 GC heap after
Heap after GC invocations=18 (full 3):
 PSYoungGen      total 200192K, used 0K [0x00000000eab00000, 0x00000000f9380000, 0x0000000100000000)
  eden space 163840K, 0% used [0x00000000eab00000,0x00000000eab00000,0x00000000f4b00000)
  from space 36352K, 0% used [0x00000000f4b00000,0x00000000f4b00000,0x00000000f6e80000)
  to   space 34304K, 0% used [0x00000000f7200000,0x00000000f7200000,0x00000000f9380000)
 ParOldGen       total 110592K, used 39466K [0x00000000c0000000, 0x00000000c6c00000, 0x00000000eab00000)
  object space 110592K, 35% used [0x00000000c0000000,0x00000000c268aa18,0x00000000c6c00000)
 Metaspace       used 55937K, capacity 57058K, committed 57344K, reserved 1099776K
  class space    used 7515K, capacity 7831K, committed 7936K, reserved 1048576K
}

