# JRE version: Java(TM) SE Runtime Environment (8.0_101-b13) (build 1.8.0_101-b13)
# Java VM: Java HotSpot(TM) 64-Bit Server VM (25.101-b13 mixed mode linux-amd64 compressed oops)
Heap:
 PSYoungGen      total 119808K, used 56761K [0x00000000eab00000, 0x00000000f3200000, 0x0000000100000000)
  eden space 114688K, 45% used [0x00000000eab00000,0x00000000edd73800,0x00000000f1b00000)
  from space 5120K, 99% used [0x00000000f2700000,0x00000000f2bfada0,0x00000000f2c00000)
  to   space 6144K, 0% used [0x00000000f2c00000,0x00000000f2c00000,0x00000000f3200000)
 ParOldGen       total 71680K, used 14829K [0x00000000c0000000, 0x00000000c4600000, 0x00000000eab00000)
  object space 71680K, 20% used [0x00000000c0000000,0x00000000c0e7b778,0x00000000c4600000)
 Metaspace       used 30623K, capacity 31192K, committed 31360K, reserved 1077248K
  class space    used 4250K, capacity 4401K, committed 4480K, reserved 1048576K
GC Heap History (10 events):
Event: 1.549 GC heap before
{Heap before GC invocations=2 (full 0):
 PSYoungGen      total 36864K, used 35592K [0x00000000eab00000, 0x00000000ef300000, 0x0000000100000000)
  eden space 31744K, 100% used [0x00000000eab00000,0x00000000eca00000,0x00000000eca00000)
  from space 5120K, 75% used [0x00000000eca00000,0x00000000ecdc2290,0x00000000ecf00000)
  to   space 5120K, 0% used [0x00000000eee00000,0x00000000eee00000,0x00000000ef300000)
 ParOldGen       total 84992K, used 8K [0x00000000c0000000, 0x00000000c5300000, 0x00000000eab00000)
  object space 84992K, 0% used [0x00000000c0000000,0x00000000c0002000,0x00000000c5300000)
 Metaspace       used 11719K, capacity 12020K, committed 12288K, reserved 1060864K
  class space    used 1620K, capacity 1710K, committed 1792K, reserved 1048576K
Event: 1.557 GC heap after
Heap after GC invocations=2 (full 0):
 PSYoungGen      total 68608K, used 5089K [0x00000000eab00000, 0x00000000ef300000, 0x0000000100000000)
  eden space 63488K, 0% used [0x00000000eab00000,0x00000000eab00000,0x00000000ee900000)
  from space 5120K, 99% used [0x00000000eee00000,0x00000000ef2f86f0,0x00000000ef300000)
  to   space 5120K, 0% used [0x00000000ee900000,0x00000000ee900000,0x00000000eee00000)
 ParOldGen       total 84992K, used 607K [0x00000000c0000000, 0x00000000c5300000, 0x00000000eab00000)
  object space 84992K, 0% used [0x00000000c0000000,0x00000000c0097c08,0x00000000c5300000)
 Metaspace       used 11719K, capacity 12020K, committed 12288K, reserved 1060864K
  class space    used 1620K, capacity 1710K, committed 1792K, reserved 1048576K
}
Event: 4.093 GC heap before
{Heap before GC invocations=3 (full 0):
 PSYoungGen      total 68608K, used 65500K [0x00000000eab00000, 0x00000000ef300000, 0x0000000100000000)
  eden space 63488K, 95% used [0x00000000eab00000,0x00000000ee5fea88,0x00000000ee900000)
  from space 5120K, 99% used [0x00000000eee00000,0x00000000ef2f86f0,0x00000000ef300000)
  to   space 5120K, 0% used [0x00000000ee900000,0x00000000ee900000,0x00000000eee00000)
 ParOldGen       total 84992K, used 607K [0x00000000c0000000, 0x00000000c5300000, 0x00000000eab00000)
  object space 84992K, 0% used [0x00000000c0000000,0x00000000c0097c08,0x00000000c5300000)
 Metaspace       used 20785K, capacity 21132K, committed 21296K, reserved 1067008K
  class space    used 2818K, capacity 2933K, committed 2944K, reserved 1048576K
Event: 4.119 GC heap after
Heap after GC invocations=3 (full 0):
 PSYoungGen      total 68608K, used 5104K [0x00000000eab00000, 0x00000000f3100000, 0x0000000100000000)
  eden space 63488K, 0% used [0x00000000eab00000,0x00000000eab00000,0x00000000ee900000)
  from space 5120K, 99% used [0x00000000ee900000,0x00000000eedfc020,0x00000000eee00000)
  to   space 5120K, 0% used [0x00000000f2c00000,0x00000000f2c00000,0x00000000f3100000)
 ParOldGen       total 84992K, used 8345K [0x00000000c0000000, 0x00000000c5300000, 0x00000000eab00000)
  object space 84992K, 9% used [0x00000000c0000000,0x00000000c0826598,0x00000000c5300000)
 Metaspace       used 20785K, capacity 21132K, committed 21296K, reserved 1067008K
  class space    used 2818K, capacity 2933K, committed 2944K, reserved 1048576K
}
Event: 4.119 GC heap before
{Heap before GC invocations=4 (full 1):
 PSYoungGen      total 68608K, used 5104K [0x00000000eab00000, 0x00000000f3100000, 0x0000000100000000)
  eden space 63488K, 0% used [0x00000000eab00000,0x00000000eab00000,0x00000000ee900000)
  from space 5120K, 99% used [0x00000000ee900000,0x00000000eedfc020,0x00000000eee00000)
  to   space 5120K, 0% used [0x00000000f2c00000,0x00000000f2c00000,0x00000000f3100000)
 ParOldGen       total 84992K, used 8345K [0x00000000c0000000, 0x00000000c5300000, 0x00000000eab00000)
  object space 84992K, 9% used [0x00000000c0000000,0x00000000c0826598,0x00000000c5300000)
 Metaspace       used 20785K, capacity 21132K, committed 21296K, reserved 1067008K
  class space    used 2818K, capacity 2933K, committed 2944K, reserved 1048576K
Event: 4.196 GC heap after
Heap after GC invocations=4 (full 1):
 PSYoungGen      total 68608K, used 0K [0x00000000eab00000, 0x00000000f3100000, 0x0000000100000000)
  eden space 63488K, 0% used [0x00000000eab00000,0x00000000eab00000,0x00000000ee900000)
  from space 5120K, 0% used [0x00000000ee900000,0x00000000ee900000,0x00000000eee00000)
  to   space 5120K, 0% used [0x00000000f2c00000,0x00000000f2c00000,0x00000000f3100000)
 ParOldGen       total 71680K, used 12431K [0x00000000c0000000, 0x00000000c4600000, 0x00000000eab00000)
  object space 71680K, 17% used [0x00000000c0000000,0x00000000c0c23e58,0x00000000c4600000)
 Metaspace       used 20785K, capacity 21132K, committed 21296K, reserved 1067008K
  class space    used 2818K, capacity 2933K, committed 2944K, reserved 1048576K
}
Event: 5.760 GC heap before
{Heap before GC invocations=5 (full 1):
 PSYoungGen      total 68608K, used 63488K [0x00000000eab00000, 0x00000000f3100000, 0x0000000100000000)
  eden space 63488K, 100% used [0x00000000eab00000,0x00000000ee900000,0x00000000ee900000)
  from space 5120K, 0% used [0x00000000ee900000,0x00000000ee900000,0x00000000eee00000)
  to   space 5120K, 0% used [0x00000000f2c00000,0x00000000f2c00000,0x00000000f3100000)
 ParOldGen       total 71680K, used 12431K [0x00000000c0000000, 0x00000000c4600000, 0x00000000eab00000)
  object space 71680K, 17% used [0x00000000c0000000,0x00000000c0c23e58,0x00000000c4600000)
 Metaspace       used 25480K, capacity 25934K, committed 26112K, reserved 1071104K
  class space    used 3611K, capacity 3735K, committed 3840K, reserved 1048576K
Event: 5.770 GC heap after
Heap after GC invocations=5 (full 1):
 PSYoungGen      total 91648K, used 5106K [0x00000000eab00000, 0x00000000f3100000, 0x0000000100000000)
  eden space 86528K, 0% used [0x00000000eab00000,0x00000000eab00000,0x00000000eff80000)
  from space 5120K, 99% used [0x00000000f2c00000,0x00000000f30fca88,0x00000000f3100000)
  to   space 5120K, 0% used [0x00000000f2700000,0x00000000f2700000,0x00000000f2c00000)
 ParOldGen       total 71680K, used 14206K [0x00000000c0000000, 0x00000000c4600000, 0x00000000eab00000)
  object space 71680K, 19% used [0x00000000c0000000,0x00000000c0ddfaf8,0x00000000c4600000)
 Metaspace       used 25480K, capacity 25934K, committed 26112K, reserved 1071104K
  class space    used 3611K, capacity 3735K, committed 3840K, reserved 1048576K
}
Event: 9.051 GC heap before
{Heap before GC invocations=6 (full 1):
 PSYoungGen      total 91648K, used 91634K [0x00000000eab00000, 0x00000000f3100000, 0x0000000100000000)
  eden space 86528K, 100% used [0x00000000eab00000,0x00000000eff80000,0x00000000eff80000)
  from space 5120K, 99% used [0x00000000f2c00000,0x00000000f30fca88,0x00000000f3100000)
  to   space 5120K, 0% used [0x00000000f2700000,0x00000000f2700000,0x00000000f2c00000)
 ParOldGen       total 71680K, used 14206K [0x00000000c0000000, 0x00000000c4600000, 0x00000000eab00000)
  object space 71680K, 19% used [0x00000000c0000000,0x00000000c0ddfaf8,0x00000000c4600000)
 Metaspace       used 27889K, capacity 28380K, committed 28672K, reserved 1073152K
  class space    used 3891K, capacity 4033K, committed 4096K, reserved 1048576K
Event: 9.064 GC heap after
Heap after GC invocations=6 (full 1):
 PSYoungGen      total 119808K, used 5099K [0x00000000eab00000, 0x00000000f3200000, 0x0000000100000000)
  eden space 114688K, 0% used [0x00000000eab00000,0x00000000eab00000,0x00000000f1b00000)
  from space 5120K, 99% used [0x00000000f2700000,0x00000000f2bfada0,0x00000000f2c00000)
  to   space 6144K, 0% used [0x00000000f2c00000,0x00000000f2c00000,0x00000000f3200000)
 ParOldGen       total 71680K, used 14829K [0x00000000c0000000, 0x00000000c4600000, 0x00000000eab00000)
  object space 71680K, 20% used [0x00000000c0000000,0x00000000c0e7b778,0x00000000c4600000)
 Metaspace       used 27889K, capacity 28380K, committed 28672K, reserved 1073152K
  class space    used 3891K, capacity 4033K, committed 4096K, reserved 1048576K
}

