# JRE version: Java(TM) SE Runtime Environment (8.0_101-b13) (build 1.8.0_101-b13)
# Java VM: Java HotSpot(TM) 64-Bit Server VM (25.101-b13 mixed mode linux-amd64 compressed oops)
Heap:
 PSYoungGen      total 167424K, used 83837K [0x00000000eab00000, 0x00000000f5d80000, 0x0000000100000000)
  eden space 153088K, 54% used [0x00000000eab00000,0x00000000efcdf600,0x00000000f4080000)
  from space 14336K, 0% used [0x00000000f4f80000,0x00000000f4f80000,0x00000000f5d80000)
  to   space 14848K, 0% used [0x00000000f4080000,0x00000000f4080000,0x00000000f4f00000)
 ParOldGen       total 112128K, used 31554K [0x00000000c0000000, 0x00000000c6d80000, 0x00000000eab00000)
  object space 112128K, 28% used [0x00000000c0000000,0x00000000c1ed09e0,0x00000000c6d80000)
 Metaspace       used 56815K, capacity 59066K, committed 59304K, reserved 1101824K
  class space    used 7420K, capacity 7752K, committed 7848K, reserved 1048576K
GC Heap History (10 events):
Event: 1927.594 GC heap before
{Heap before GC invocations=29 (full 9):
 PSYoungGen      total 143872K, used 139264K [0x00000000eab00000, 0x00000000f5300000, 0x0000000100000000)
  eden space 139264K, 100% used [0x00000000eab00000,0x00000000f3300000,0x00000000f3300000)
  from space 4608K, 0% used [0x00000000f3300000,0x00000000f3300000,0x00000000f3780000)
  to   space 16384K, 0% used [0x00000000f4300000,0x00000000f4300000,0x00000000f5300000)
 ParOldGen       total 112128K, used 33885K [0x00000000c0000000, 0x00000000c6d80000, 0x00000000eab00000)
  object space 112128K, 30% used [0x00000000c0000000,0x00000000c2117468,0x00000000c6d80000)
 Metaspace       used 56350K, capacity 58410K, committed 58664K, reserved 1099776K
  class space    used 7390K, capacity 7716K, committed 7720K, reserved 1048576K
Event: 1927.602 GC heap after
Heap after GC invocations=29 (full 9):
 PSYoungGen      total 156160K, used 5423K [0x00000000eab00000, 0x00000000f5f80000, 0x0000000100000000)
  eden space 139776K, 0% used [0x00000000eab00000,0x00000000eab00000,0x00000000f3380000)
  from space 16384K, 33% used [0x00000000f4300000,0x00000000f484bc50,0x00000000f5300000)
  to   space 15872K, 0% used [0x00000000f3380000,0x00000000f3380000,0x00000000f4300000)
 ParOldGen       total 112128K, used 33893K [0x00000000c0000000, 0x00000000c6d80000, 0x00000000eab00000)
  object space 112128K, 30% used [0x00000000c0000000,0x00000000c2119468,0x00000000c6d80000)
 Metaspace       used 56350K, capacity 58410K, committed 58664K, reserved 1099776K
  class space    used 7390K, capacity 7716K, committed 7720K, reserved 1048576K
}
Event: 2355.559 GC heap before
{Heap before GC invocations=30 (full 9):
 PSYoungGen      total 156160K, used 141030K [0x00000000eab00000, 0x00000000f5f80000, 0x0000000100000000)
  eden space 139776K, 97% used [0x00000000eab00000,0x00000000f2f6de08,0x00000000f3380000)
  from space 16384K, 33% used [0x00000000f4300000,0x00000000f484bc50,0x00000000f5300000)
  to   space 15872K, 0% used [0x00000000f3380000,0x00000000f3380000,0x00000000f4300000)
 ParOldGen       total 112128K, used 33893K [0x00000000c0000000, 0x00000000c6d80000, 0x00000000eab00000)
  object space 112128K, 30% used [0x00000000c0000000,0x00000000c2119468,0x00000000c6d80000)
 Metaspace       used 56599K, capacity 58756K, committed 59048K, reserved 1099776K
  class space    used 7404K, capacity 7735K, committed 7848K, reserved 1048576K
Event: 2355.568 GC heap after
Heap after GC invocations=30 (full 9):
 PSYoungGen      total 155648K, used 7743K [0x00000000eab00000, 0x00000000f5e80000, 0x0000000100000000)
  eden space 139776K, 0% used [0x00000000eab00000,0x00000000eab00000,0x00000000f3380000)
  from space 15872K, 48% used [0x00000000f3380000,0x00000000f3b0fc70,0x00000000f4300000)
  to   space 15360K, 0% used [0x00000000f4f80000,0x00000000f4f80000,0x00000000f5e80000)
 ParOldGen       total 112128K, used 33901K [0x00000000c0000000, 0x00000000c6d80000, 0x00000000eab00000)
  object space 112128K, 30% used [0x00000000c0000000,0x00000000c211b468,0x00000000c6d80000)
 Metaspace       used 56599K, capacity 58756K, committed 59048K, reserved 1099776K
  class space    used 7404K, capacity 7735K, committed 7848K, reserved 1048576K
}
Event: 2355.568 GC heap before
{Heap before GC invocations=31 (full 10):
 PSYoungGen      total 155648K, used 7743K [0x00000000eab00000, 0x00000000f5e80000, 0x0000000100000000)
  eden space 139776K, 0% used [0x00000000eab00000,0x00000000eab00000,0x00000000f3380000)
  from space 15872K, 48% used [0x00000000f3380000,0x00000000f3b0fc70,0x00000000f4300000)
  to   space 15360K, 0% used [0x00000000f4f80000,0x00000000f4f80000,0x00000000f5e80000)
 ParOldGen       total 112128K, used 33901K [0x00000000c0000000, 0x00000000c6d80000, 0x00000000eab00000)
  object space 112128K, 30% used [0x00000000c0000000,0x00000000c211b468,0x00000000c6d80000)
 Metaspace       used 56599K, capacity 58756K, committed 59048K, reserved 1099776K
  class space    used 7404K, capacity 7735K, committed 7848K, reserved 1048576K
Event: 2355.790 GC heap after
Heap after GC invocations=31 (full 10):
 PSYoungGen      total 155648K, used 0K [0x00000000eab00000, 0x00000000f5e80000, 0x0000000100000000)
  eden space 139776K, 0% used [0x00000000eab00000,0x00000000eab00000,0x00000000f3380000)
  from space 15872K, 0% used [0x00000000f3380000,0x00000000f3380000,0x00000000f4300000)
  to   space 15360K, 0% used [0x00000000f4f80000,0x00000000f4f80000,0x00000000f5e80000)
 ParOldGen       total 112128K, used 31562K [0x00000000c0000000, 0x00000000c6d80000, 0x00000000eab00000)
  object space 112128K, 28% used [0x00000000c0000000,0x00000000c1ed2830,0x00000000c6d80000)
 Metaspace       used 56599K, capacity 58756K, committed 59048K, reserved 1099776K
  class space    used 7404K, capacity 7735K, committed 7848K, reserved 1048576K
}
Event: 2612.903 GC heap before
{Heap before GC invocations=32 (full 10):
 PSYoungGen      total 155648K, used 126765K [0x00000000eab00000, 0x00000000f5e80000, 0x0000000100000000)
  eden space 139776K, 90% used [0x00000000eab00000,0x00000000f26cb620,0x00000000f3380000)
  from space 15872K, 0% used [0x00000000f3380000,0x00000000f3380000,0x00000000f4300000)
  to   space 15360K, 0% used [0x00000000f4f80000,0x00000000f4f80000,0x00000000f5e80000)
 ParOldGen       total 112128K, used 31562K [0x00000000c0000000, 0x00000000c6d80000, 0x00000000eab00000)
  object space 112128K, 28% used [0x00000000c0000000,0x00000000c1ed2830,0x00000000c6d80000)
 Metaspace       used 56745K, capacity 58914K, committed 59048K, reserved 1099776K
  class space    used 7413K, capacity 7744K, committed 7848K, reserved 1048576K
Event: 2612.911 GC heap after
Heap after GC invocations=32 (full 10):
 PSYoungGen      total 167424K, used 4575K [0x00000000eab00000, 0x00000000f5d80000, 0x0000000100000000)
  eden space 153088K, 0% used [0x00000000eab00000,0x00000000eab00000,0x00000000f4080000)
  from space 14336K, 31% used [0x00000000f4f80000,0x00000000f53f7c60,0x00000000f5d80000)
  to   space 14848K, 0% used [0x00000000f4080000,0x00000000f4080000,0x00000000f4f00000)
 ParOldGen       total 112128K, used 31570K [0x00000000c0000000, 0x00000000c6d80000, 0x00000000eab00000)
  object space 112128K, 28% used [0x00000000c0000000,0x00000000c1ed4830,0x00000000c6d80000)
 Metaspace       used 56745K, capacity 58914K, committed 59048K, reserved 1099776K
  class space    used 7413K, capacity 7744K, committed 7848K, reserved 1048576K
}
Event: 2612.911 GC heap before
{Heap before GC invocations=33 (full 11):
 PSYoungGen      total 167424K, used 4575K [0x00000000eab00000, 0x00000000f5d80000, 0x0000000100000000)
  eden space 153088K, 0% used [0x00000000eab00000,0x00000000eab00000,0x00000000f4080000)
  from space 14336K, 31% used [0x00000000f4f80000,0x00000000f53f7c60,0x00000000f5d80000)
  to   space 14848K, 0% used [0x00000000f4080000,0x00000000f4080000,0x00000000f4f00000)
 ParOldGen       total 112128K, used 31570K [0x00000000c0000000, 0x00000000c6d80000, 0x00000000eab00000)
  object space 112128K, 28% used [0x00000000c0000000,0x00000000c1ed4830,0x00000000c6d80000)
 Metaspace       used 56745K, capacity 58914K, committed 59048K, reserved 1099776K
  class space    used 7413K, capacity 7744K, committed 7848K, reserved 1048576K
Event: 2613.115 GC heap after
Heap after GC invocations=33 (full 11):
 PSYoungGen      total 167424K, used 0K [0x00000000eab00000, 0x00000000f5d80000, 0x0000000100000000)
  eden space 153088K, 0% used [0x00000000eab00000,0x00000000eab00000,0x00000000f4080000)
  from space 14336K, 0% used [0x00000000f4f80000,0x00000000f4f80000,0x00000000f5d80000)
  to   space 14848K, 0% used [0x00000000f4080000,0x00000000f4080000,0x00000000f4f00000)
 ParOldGen       total 112128K, used 31554K [0x00000000c0000000, 0x00000000c6d80000, 0x00000000eab00000)
  object space 112128K, 28% used [0x00000000c0000000,0x00000000c1ed09e0,0x00000000c6d80000)
 Metaspace       used 56745K, capacity 58914K, committed 59048K, reserved 1099776K
  class space    used 7413K, capacity 7744K, committed 7848K, reserved 1048576K
}

