# JRE version: Java(TM) SE Runtime Environment (8.0_101-b13) (build 1.8.0_101-b13)
# Java VM: Java HotSpot(TM) 64-Bit Server VM (25.101-b13 mixed mode linux-amd64 compressed oops)
Heap:
 PSYoungGen      total 87040K, used 62600K [0x00000000eab00000, 0x00000000f0b80000, 0x0000000100000000)
  eden space 78336K, 73% used [0x00000000eab00000,0x00000000ee32f558,0x00000000ef780000)
  from space 8704K, 58% used [0x00000000f0300000,0x00000000f07f2e48,0x00000000f0b80000)
  to   space 10240K, 0% used [0x00000000ef780000,0x00000000ef780000,0x00000000f0180000)
 ParOldGen       total 68608K, used 10554K [0x00000000c0000000, 0x00000000c4300000, 0x00000000eab00000)
  object space 68608K, 15% used [0x00000000c0000000,0x00000000c0a4e960,0x00000000c4300000)
 Metaspace       used 30532K, capacity 31100K, committed 31360K, reserved 1077248K
  class space    used 4233K, capacity 4407K, committed 4480K, reserved 1048576K
GC Heap History (10 events):
Event: 1.929 GC heap before
{Heap before GC invocations=3 (full 0):
 PSYoungGen      total 36864K, used 36838K [0x00000000eab00000, 0x00000000ed400000, 0x0000000100000000)
  eden space 31744K, 100% used [0x00000000eab00000,0x00000000eca00000,0x00000000eca00000)
  from space 5120K, 99% used [0x00000000ecf00000,0x00000000ed3f9950,0x00000000ed400000)
  to   space 5120K, 0% used [0x00000000eca00000,0x00000000eca00000,0x00000000ecf00000)
 ParOldGen       total 84992K, used 708K [0x00000000c0000000, 0x00000000c5300000, 0x00000000eab00000)
  object space 84992K, 0% used [0x00000000c0000000,0x00000000c00b1268,0x00000000c5300000)
 Metaspace       used 18067K, capacity 18430K, committed 18560K, reserved 1064960K
  class space    used 2468K, capacity 2582K, committed 2688K, reserved 1048576K
Event: 1.939 GC heap after
Heap after GC invocations=3 (full 0):
 PSYoungGen      total 36864K, used 5104K [0x00000000eab00000, 0x00000000ef300000, 0x0000000100000000)
  eden space 31744K, 0% used [0x00000000eab00000,0x00000000eab00000,0x00000000eca00000)
  from space 5120K, 99% used [0x00000000eca00000,0x00000000ecefc020,0x00000000ecf00000)
  to   space 5120K, 0% used [0x00000000eee00000,0x00000000eee00000,0x00000000ef300000)
 ParOldGen       total 84992K, used 4931K [0x00000000c0000000, 0x00000000c5300000, 0x00000000eab00000)
  object space 84992K, 5% used [0x00000000c0000000,0x00000000c04d0c28,0x00000000c5300000)
 Metaspace       used 18067K, capacity 18430K, committed 18560K, reserved 1064960K
  class space    used 2468K, capacity 2582K, committed 2688K, reserved 1048576K
}
Event: 2.469 GC heap before
{Heap before GC invocations=4 (full 0):
 PSYoungGen      total 36864K, used 31754K [0x00000000eab00000, 0x00000000ef300000, 0x0000000100000000)
  eden space 31744K, 83% used [0x00000000eab00000,0x00000000ec5067e8,0x00000000eca00000)
  from space 5120K, 99% used [0x00000000eca00000,0x00000000ecefc020,0x00000000ecf00000)
  to   space 5120K, 0% used [0x00000000eee00000,0x00000000eee00000,0x00000000ef300000)
 ParOldGen       total 84992K, used 4931K [0x00000000c0000000, 0x00000000c5300000, 0x00000000eab00000)
  object space 84992K, 5% used [0x00000000c0000000,0x00000000c04d0c28,0x00000000c5300000)
 Metaspace       used 20868K, capacity 21232K, committed 21296K, reserved 1067008K
  class space    used 2818K, capacity 2939K, committed 2944K, reserved 1048576K
Event: 2.482 GC heap after
Heap after GC invocations=4 (full 0):
 PSYoungGen      total 68608K, used 5088K [0x00000000eab00000, 0x00000000ef300000, 0x0000000100000000)
  eden space 63488K, 0% used [0x00000000eab00000,0x00000000eab00000,0x00000000ee900000)
  from space 5120K, 99% used [0x00000000eee00000,0x00000000ef2f8010,0x00000000ef300000)
  to   space 5120K, 0% used [0x00000000ee900000,0x00000000ee900000,0x00000000eee00000)
 ParOldGen       total 84992K, used 8304K [0x00000000c0000000, 0x00000000c5300000, 0x00000000eab00000)
  object space 84992K, 9% used [0x00000000c0000000,0x00000000c081c018,0x00000000c5300000)
 Metaspace       used 20868K, capacity 21232K, committed 21296K, reserved 1067008K
  class space    used 2818K, capacity 2939K, committed 2944K, reserved 1048576K
}
Event: 2.482 GC heap before
{Heap before GC invocations=5 (full 1):
 PSYoungGen      total 68608K, used 5088K [0x00000000eab00000, 0x00000000ef300000, 0x0000000100000000)
  eden space 63488K, 0% used [0x00000000eab00000,0x00000000eab00000,0x00000000ee900000)
  from space 5120K, 99% used [0x00000000eee00000,0x00000000ef2f8010,0x00000000ef300000)
  to   space 5120K, 0% used [0x00000000ee900000,0x00000000ee900000,0x00000000eee00000)
 ParOldGen       total 84992K, used 8304K [0x00000000c0000000, 0x00000000c5300000, 0x00000000eab00000)
  object space 84992K, 9% used [0x00000000c0000000,0x00000000c081c018,0x00000000c5300000)
 Metaspace       used 20868K, capacity 21232K, committed 21296K, reserved 1067008K
  class space    used 2818K, capacity 2939K, committed 2944K, reserved 1048576K
Event: 2.568 GC heap after
Heap after GC invocations=5 (full 1):
 PSYoungGen      total 68608K, used 0K [0x00000000eab00000, 0x00000000ef300000, 0x0000000100000000)
  eden space 63488K, 0% used [0x00000000eab00000,0x00000000eab00000,0x00000000ee900000)
  from space 5120K, 0% used [0x00000000eee00000,0x00000000eee00000,0x00000000ef300000)
  to   space 5120K, 0% used [0x00000000ee900000,0x00000000ee900000,0x00000000eee00000)
 ParOldGen       total 68608K, used 8938K [0x00000000c0000000, 0x00000000c4300000, 0x00000000eab00000)
  object space 68608K, 13% used [0x00000000c0000000,0x00000000c08ba808,0x00000000c4300000)
 Metaspace       used 20868K, capacity 21232K, committed 21296K, reserved 1067008K
  class space    used 2818K, capacity 2939K, committed 2944K, reserved 1048576K
}
Event: 4.045 GC heap before
{Heap before GC invocations=6 (full 1):
 PSYoungGen      total 68608K, used 63488K [0x00000000eab00000, 0x00000000ef300000, 0x0000000100000000)
  eden space 63488K, 100% used [0x00000000eab00000,0x00000000ee900000,0x00000000ee900000)
  from space 5120K, 0% used [0x00000000eee00000,0x00000000eee00000,0x00000000ef300000)
  to   space 5120K, 0% used [0x00000000ee900000,0x00000000ee900000,0x00000000eee00000)
 ParOldGen       total 68608K, used 8938K [0x00000000c0000000, 0x00000000c4300000, 0x00000000eab00000)
  object space 68608K, 13% used [0x00000000c0000000,0x00000000c08ba808,0x00000000c4300000)
 Metaspace       used 25462K, capacity 25874K, committed 25984K, reserved 1071104K
  class space    used 3594K, capacity 3709K, committed 3712K, reserved 1048576K
Event: 4.052 GC heap after
Heap after GC invocations=6 (full 1):
 PSYoungGen      total 68608K, used 5091K [0x00000000eab00000, 0x00000000f0d00000, 0x0000000100000000)
  eden space 63488K, 0% used [0x00000000eab00000,0x00000000eab00000,0x00000000ee900000)
  from space 5120K, 99% used [0x00000000ee900000,0x00000000eedf8c60,0x00000000eee00000)
  to   space 10240K, 0% used [0x00000000f0300000,0x00000000f0300000,0x00000000f0d00000)
 ParOldGen       total 68608K, used 10554K [0x00000000c0000000, 0x00000000c4300000, 0x00000000eab00000)
  object space 68608K, 15% used [0x00000000c0000000,0x00000000c0a4e960,0x00000000c4300000)
 Metaspace       used 25462K, capacity 25874K, committed 25984K, reserved 1071104K
  class space    used 3594K, capacity 3709K, committed 3712K, reserved 1048576K
}
Event: 5.434 GC heap before
{Heap before GC invocations=7 (full 1):
 PSYoungGen      total 68608K, used 68579K [0x00000000eab00000, 0x00000000f0d00000, 0x0000000100000000)
  eden space 63488K, 100% used [0x00000000eab00000,0x00000000ee900000,0x00000000ee900000)
  from space 5120K, 99% used [0x00000000ee900000,0x00000000eedf8c60,0x00000000eee00000)
  to   space 10240K, 0% used [0x00000000f0300000,0x00000000f0300000,0x00000000f0d00000)
 ParOldGen       total 68608K, used 10554K [0x00000000c0000000, 0x00000000c4300000, 0x00000000eab00000)
  object space 68608K, 15% used [0x00000000c0000000,0x00000000c0a4e960,0x00000000c4300000)
 Metaspace       used 27373K, capacity 27850K, committed 28032K, reserved 1073152K
  class space    used 3819K, capacity 3937K, committed 3968K, reserved 1048576K
Event: 5.443 GC heap after
Heap after GC invocations=7 (full 1):
 PSYoungGen      total 87040K, used 5067K [0x00000000eab00000, 0x00000000f0b80000, 0x0000000100000000)
  eden space 78336K, 0% used [0x00000000eab00000,0x00000000eab00000,0x00000000ef780000)
  from space 8704K, 58% used [0x00000000f0300000,0x00000000f07f2e48,0x00000000f0b80000)
  to   space 10240K, 0% used [0x00000000ef780000,0x00000000ef780000,0x00000000f0180000)
 ParOldGen       total 68608K, used 10554K [0x00000000c0000000, 0x00000000c4300000, 0x00000000eab00000)
  object space 68608K, 15% used [0x00000000c0000000,0x00000000c0a4e960,0x00000000c4300000)
 Metaspace       used 27373K, capacity 27850K, committed 28032K, reserved 1073152K
  class space    used 3819K, capacity 3937K, committed 3968K, reserved 1048576K
}

