# JRE version: Java(TM) SE Runtime Environment (8.0_101-b13) (build 1.8.0_101-b13)
# Java VM: Java HotSpot(TM) 64-Bit Server VM (25.101-b13 mixed mode linux-amd64 compressed oops)
Heap:
 PSYoungGen      total 117760K, used 29207K [0x00000000eab00000, 0x00000000f2e80000, 0x0000000100000000)
  eden space 104960K, 15% used [0x00000000eab00000,0x00000000ebb332f0,0x00000000f1180000)
  from space 12800K, 98% used [0x00000000f1f80000,0x00000000f2bd2a50,0x00000000f2c00000)
  to   space 14336K, 0% used [0x00000000f1180000,0x00000000f1180000,0x00000000f1f80000)
 ParOldGen       total 97280K, used 19023K [0x00000000c0000000, 0x00000000c5f00000, 0x00000000eab00000)
  object space 97280K, 19% used [0x00000000c0000000,0x00000000c1293ca8,0x00000000c5f00000)
 Metaspace       used 43721K, capacity 44532K, committed 44800K, reserved 1087488K
  class space    used 6090K, capacity 6297K, committed 6400K, reserved 1048576K
GC Heap History (10 events):
Event: 19.922 GC heap before
{Heap before GC invocations=10 (full 1):
 PSYoungGen      total 76288K, used 71383K [0x00000000eab00000, 0x00000000eff80000, 0x0000000100000000)
  eden space 66048K, 100% used [0x00000000eab00000,0x00000000eeb80000,0x00000000eeb80000)
  from space 10240K, 52% used [0x00000000ef580000,0x00000000efab5fb8,0x00000000eff80000)
  to   space 10240K, 0% used [0x00000000eeb80000,0x00000000eeb80000,0x00000000ef580000)
 ParOldGen       total 63488K, used 9468K [0x00000000c0000000, 0x00000000c3e00000, 0x00000000eab00000)
  object space 63488K, 14% used [0x00000000c0000000,0x00000000c093f088,0x00000000c3e00000)
 Metaspace       used 32979K, capacity 33506K, committed 33664K, reserved 1079296K
  class space    used 4553K, capacity 4696K, committed 4736K, reserved 1048576K
Event: 19.954 GC heap after
Heap after GC invocations=10 (full 1):
 PSYoungGen      total 76288K, used 10232K [0x00000000eab00000, 0x00000000f1580000, 0x0000000100000000)
  eden space 66048K, 0% used [0x00000000eab00000,0x00000000eab00000,0x00000000eeb80000)
  from space 10240K, 99% used [0x00000000eeb80000,0x00000000ef57e230,0x00000000ef580000)
  to   space 11264K, 0% used [0x00000000f0a80000,0x00000000f0a80000,0x00000000f1580000)
 ParOldGen       total 63488K, used 9813K [0x00000000c0000000, 0x00000000c3e00000, 0x00000000eab00000)
  object space 63488K, 15% used [0x00000000c0000000,0x00000000c0995558,0x00000000c3e00000)
 Metaspace       used 32979K, capacity 33506K, committed 33664K, reserved 1079296K
  class space    used 4553K, capacity 4696K, committed 4736K, reserved 1048576K
}
Event: 21.124 GC heap before
{Heap before GC invocations=11 (full 1):
 PSYoungGen      total 76288K, used 47440K [0x00000000eab00000, 0x00000000f1580000, 0x0000000100000000)
  eden space 66048K, 56% used [0x00000000eab00000,0x00000000ecf56120,0x00000000eeb80000)
  from space 10240K, 99% used [0x00000000eeb80000,0x00000000ef57e230,0x00000000ef580000)
  to   space 11264K, 0% used [0x00000000f0a80000,0x00000000f0a80000,0x00000000f1580000)
 ParOldGen       total 63488K, used 9813K [0x00000000c0000000, 0x00000000c3e00000, 0x00000000eab00000)
  object space 63488K, 15% used [0x00000000c0000000,0x00000000c0995558,0x00000000c3e00000)
 Metaspace       used 34817K, capacity 35418K, committed 35456K, reserved 1079296K
  class space    used 4847K, capacity 4991K, committed 4992K, reserved 1048576K
Event: 21.141 GC heap after
Heap after GC invocations=11 (full 1):
 PSYoungGen      total 95744K, used 11234K [0x00000000eab00000, 0x00000000f1b00000, 0x0000000100000000)
  eden space 84480K, 0% used [0x00000000eab00000,0x00000000eab00000,0x00000000efd80000)
  from space 11264K, 99% used [0x00000000f0a80000,0x00000000f1578aa8,0x00000000f1580000)
  to   space 13312K, 0% used [0x00000000efd80000,0x00000000efd80000,0x00000000f0a80000)
 ParOldGen       total 63488K, used 10786K [0x00000000c0000000, 0x00000000c3e00000, 0x00000000eab00000)
  object space 63488K, 16% used [0x00000000c0000000,0x00000000c0a888b0,0x00000000c3e00000)
 Metaspace       used 34817K, capacity 35418K, committed 35456K, reserved 1079296K
  class space    used 4847K, capacity 4991K, committed 4992K, reserved 1048576K
}
Event: 21.141 GC heap before
{Heap before GC invocations=12 (full 2):
 PSYoungGen      total 95744K, used 11234K [0x00000000eab00000, 0x00000000f1b00000, 0x0000000100000000)
  eden space 84480K, 0% used [0x00000000eab00000,0x00000000eab00000,0x00000000efd80000)
  from space 11264K, 99% used [0x00000000f0a80000,0x00000000f1578aa8,0x00000000f1580000)
  to   space 13312K, 0% used [0x00000000efd80000,0x00000000efd80000,0x00000000f0a80000)
 ParOldGen       total 63488K, used 10786K [0x00000000c0000000, 0x00000000c3e00000, 0x00000000eab00000)
  object space 63488K, 16% used [0x00000000c0000000,0x00000000c0a888b0,0x00000000c3e00000)
 Metaspace       used 34817K, capacity 35418K, committed 35456K, reserved 1079296K
  class space    used 4847K, capacity 4991K, committed 4992K, reserved 1048576K
Event: 21.282 GC heap after
Heap after GC invocations=12 (full 2):
 PSYoungGen      total 95744K, used 0K [0x00000000eab00000, 0x00000000f1b00000, 0x0000000100000000)
  eden space 84480K, 0% used [0x00000000eab00000,0x00000000eab00000,0x00000000efd80000)
  from space 11264K, 0% used [0x00000000f0a80000,0x00000000f0a80000,0x00000000f1580000)
  to   space 13312K, 0% used [0x00000000efd80000,0x00000000efd80000,0x00000000f0a80000)
 ParOldGen       total 97280K, used 18943K [0x00000000c0000000, 0x00000000c5f00000, 0x00000000eab00000)
  object space 97280K, 19% used [0x00000000c0000000,0x00000000c127fc98,0x00000000c5f00000)
 Metaspace       used 34817K, capacity 35418K, committed 35456K, reserved 1079296K
  class space    used 4847K, capacity 4991K, committed 4992K, reserved 1048576K
}
Event: 23.838 GC heap before
{Heap before GC invocations=13 (full 2):
 PSYoungGen      total 95744K, used 84480K [0x00000000eab00000, 0x00000000f1b00000, 0x0000000100000000)
  eden space 84480K, 100% used [0x00000000eab00000,0x00000000efd80000,0x00000000efd80000)
  from space 11264K, 0% used [0x00000000f0a80000,0x00000000f0a80000,0x00000000f1580000)
  to   space 13312K, 0% used [0x00000000efd80000,0x00000000efd80000,0x00000000f0a80000)
 ParOldGen       total 97280K, used 18943K [0x00000000c0000000, 0x00000000c5f00000, 0x00000000eab00000)
  object space 97280K, 19% used [0x00000000c0000000,0x00000000c127fc98,0x00000000c5f00000)
 Metaspace       used 39073K, capacity 39738K, committed 39808K, reserved 1083392K
  class space    used 5353K, capacity 5503K, committed 5504K, reserved 1048576K
Event: 23.846 GC heap after
Heap after GC invocations=13 (full 2):
 PSYoungGen      total 97792K, used 6472K [0x00000000eab00000, 0x00000000f2c00000, 0x0000000100000000)
  eden space 84480K, 0% used [0x00000000eab00000,0x00000000eab00000,0x00000000efd80000)
  from space 13312K, 48% used [0x00000000efd80000,0x00000000f03d2390,0x00000000f0a80000)
  to   space 12800K, 0% used [0x00000000f1f80000,0x00000000f1f80000,0x00000000f2c00000)
 ParOldGen       total 97280K, used 18951K [0x00000000c0000000, 0x00000000c5f00000, 0x00000000eab00000)
  object space 97280K, 19% used [0x00000000c0000000,0x00000000c1281c98,0x00000000c5f00000)
 Metaspace       used 39073K, capacity 39738K, committed 39808K, reserved 1083392K
  class space    used 5353K, capacity 5503K, committed 5504K, reserved 1048576K
}
Event: 26.790 GC heap before
{Heap before GC invocations=14 (full 2):
 PSYoungGen      total 97792K, used 90952K [0x00000000eab00000, 0x00000000f2c00000, 0x0000000100000000)
  eden space 84480K, 100% used [0x00000000eab00000,0x00000000efd80000,0x00000000efd80000)
  from space 13312K, 48% used [0x00000000efd80000,0x00000000f03d2390,0x00000000f0a80000)
  to   space 12800K, 0% used [0x00000000f1f80000,0x00000000f1f80000,0x00000000f2c00000)
 ParOldGen       total 97280K, used 18951K [0x00000000c0000000, 0x00000000c5f00000, 0x00000000eab00000)
  object space 97280K, 19% used [0x00000000c0000000,0x00000000c1281c98,0x00000000c5f00000)
 Metaspace       used 43042K, capacity 43812K, committed 44160K, reserved 1087488K
  class space    used 5993K, capacity 6193K, committed 6272K, reserved 1048576K
Event: 26.811 GC heap after
Heap after GC invocations=14 (full 2):
 PSYoungGen      total 117760K, used 12618K [0x00000000eab00000, 0x00000000f2e80000, 0x0000000100000000)
  eden space 104960K, 0% used [0x00000000eab00000,0x00000000eab00000,0x00000000f1180000)
  from space 12800K, 98% used [0x00000000f1f80000,0x00000000f2bd2a50,0x00000000f2c00000)
  to   space 14336K, 0% used [0x00000000f1180000,0x00000000f1180000,0x00000000f1f80000)
 ParOldGen       total 97280K, used 19023K [0x00000000c0000000, 0x00000000c5f00000, 0x00000000eab00000)
  object space 97280K, 19% used [0x00000000c0000000,0x00000000c1293ca8,0x00000000c5f00000)
 Metaspace       used 43042K, capacity 43812K, committed 44160K, reserved 1087488K
  class space    used 5993K, capacity 6193K, committed 6272K, reserved 1048576K
}

