# JRE version: Java(TM) SE Runtime Environment (8.0_101-b13) (build 1.8.0_101-b13)
# Java VM: Java HotSpot(TM) 64-Bit Server VM (25.101-b13 mixed mode linux-amd64 compressed oops)
Heap:
 PSYoungGen      total 92160K, used 71487K [0x00000000eab00000, 0x00000000f1100000, 0x0000000100000000)
  eden space 83968K, 78% used [0x00000000eab00000,0x00000000eebbe458,0x00000000efd00000)
  from space 8192K, 63% used [0x00000000f0900000,0x00000000f0e117f8,0x00000000f1100000)
  to   space 10240K, 0% used [0x00000000efd00000,0x00000000efd00000,0x00000000f0700000)
 ParOldGen       total 66048K, used 10596K [0x00000000c0000000, 0x00000000c4080000, 0x00000000eab00000)
  object space 66048K, 16% used [0x00000000c0000000,0x00000000c0a591f8,0x00000000c4080000)
 Metaspace       used 30580K, capacity 31176K, committed 31360K, reserved 1077248K
  class space    used 4245K, capacity 4409K, committed 4480K, reserved 1048576K
GC Heap History (10 events):
Event: 2.000 GC heap before
{Heap before GC invocations=3 (full 0):
 PSYoungGen      total 36864K, used 36844K [0x00000000eab00000, 0x00000000ef300000, 0x0000000100000000)
  eden space 31744K, 100% used [0x00000000eab00000,0x00000000eca00000,0x00000000eca00000)
  from space 5120K, 99% used [0x00000000ecf00000,0x00000000ed3fb120,0x00000000ed400000)
  to   space 5120K, 0% used [0x00000000eca00000,0x00000000eca00000,0x00000000ecf00000)
 ParOldGen       total 84992K, used 861K [0x00000000c0000000, 0x00000000c5300000, 0x00000000eab00000)
  object space 84992K, 1% used [0x00000000c0000000,0x00000000c00d75d0,0x00000000c5300000)
 Metaspace       used 18061K, capacity 18474K, committed 18560K, reserved 1064960K
  class space    used 2472K, capacity 2616K, committed 2688K, reserved 1048576K
Event: 2.010 GC heap after
Heap after GC invocations=3 (full 0):
 PSYoungGen      total 36864K, used 5088K [0x00000000eab00000, 0x00000000ef300000, 0x0000000100000000)
  eden space 31744K, 0% used [0x00000000eab00000,0x00000000eab00000,0x00000000eca00000)
  from space 5120K, 99% used [0x00000000eca00000,0x00000000ecef8030,0x00000000ecf00000)
  to   space 5120K, 0% used [0x00000000eee00000,0x00000000eee00000,0x00000000ef300000)
 ParOldGen       total 84992K, used 5105K [0x00000000c0000000, 0x00000000c5300000, 0x00000000eab00000)
  object space 84992K, 6% used [0x00000000c0000000,0x00000000c04fc480,0x00000000c5300000)
 Metaspace       used 18061K, capacity 18474K, committed 18560K, reserved 1064960K
  class space    used 2472K, capacity 2616K, committed 2688K, reserved 1048576K
}
Event: 2.527 GC heap before
{Heap before GC invocations=4 (full 0):
 PSYoungGen      total 36864K, used 31082K [0x00000000eab00000, 0x00000000ef300000, 0x0000000100000000)
  eden space 31744K, 81% used [0x00000000eab00000,0x00000000ec462800,0x00000000eca00000)
  from space 5120K, 99% used [0x00000000eca00000,0x00000000ecef8030,0x00000000ecf00000)
  to   space 5120K, 0% used [0x00000000eee00000,0x00000000eee00000,0x00000000ef300000)
 ParOldGen       total 84992K, used 5105K [0x00000000c0000000, 0x00000000c5300000, 0x00000000eab00000)
  object space 84992K, 6% used [0x00000000c0000000,0x00000000c04fc480,0x00000000c5300000)
 Metaspace       used 20834K, capacity 21244K, committed 21296K, reserved 1067008K
  class space    used 2819K, capacity 2941K, committed 2944K, reserved 1048576K
Event: 2.543 GC heap after
Heap after GC invocations=4 (full 0):
 PSYoungGen      total 68608K, used 5104K [0x00000000eab00000, 0x00000000ef300000, 0x0000000100000000)
  eden space 63488K, 0% used [0x00000000eab00000,0x00000000eab00000,0x00000000ee900000)
  from space 5120K, 99% used [0x00000000eee00000,0x00000000ef2fc040,0x00000000ef300000)
  to   space 5120K, 0% used [0x00000000ee900000,0x00000000ee900000,0x00000000eee00000)
 ParOldGen       total 84992K, used 8330K [0x00000000c0000000, 0x00000000c5300000, 0x00000000eab00000)
  object space 84992K, 9% used [0x00000000c0000000,0x00000000c0822a48,0x00000000c5300000)
 Metaspace       used 20834K, capacity 21244K, committed 21296K, reserved 1067008K
  class space    used 2819K, capacity 2941K, committed 2944K, reserved 1048576K
}
Event: 2.543 GC heap before
{Heap before GC invocations=5 (full 1):
 PSYoungGen      total 68608K, used 5104K [0x00000000eab00000, 0x00000000ef300000, 0x0000000100000000)
  eden space 63488K, 0% used [0x00000000eab00000,0x00000000eab00000,0x00000000ee900000)
  from space 5120K, 99% used [0x00000000eee00000,0x00000000ef2fc040,0x00000000ef300000)
  to   space 5120K, 0% used [0x00000000ee900000,0x00000000ee900000,0x00000000eee00000)
 ParOldGen       total 84992K, used 8330K [0x00000000c0000000, 0x00000000c5300000, 0x00000000eab00000)
  object space 84992K, 9% used [0x00000000c0000000,0x00000000c0822a48,0x00000000c5300000)
 Metaspace       used 20834K, capacity 21244K, committed 21296K, reserved 1067008K
  class space    used 2819K, capacity 2941K, committed 2944K, reserved 1048576K
Event: 2.613 GC heap after
Heap after GC invocations=5 (full 1):
 PSYoungGen      total 68608K, used 0K [0x00000000eab00000, 0x00000000ef300000, 0x0000000100000000)
  eden space 63488K, 0% used [0x00000000eab00000,0x00000000eab00000,0x00000000ee900000)
  from space 5120K, 0% used [0x00000000eee00000,0x00000000eee00000,0x00000000ef300000)
  to   space 5120K, 0% used [0x00000000ee900000,0x00000000ee900000,0x00000000eee00000)
 ParOldGen       total 66048K, used 8925K [0x00000000c0000000, 0x00000000c4080000, 0x00000000eab00000)
  object space 66048K, 13% used [0x00000000c0000000,0x00000000c08b7420,0x00000000c4080000)
 Metaspace       used 20834K, capacity 21244K, committed 21296K, reserved 1067008K
  class space    used 2819K, capacity 2941K, committed 2944K, reserved 1048576K
}
Event: 3.438 GC heap before
{Heap before GC invocations=6 (full 1):
 PSYoungGen      total 68608K, used 63488K [0x00000000eab00000, 0x00000000ef300000, 0x0000000100000000)
  eden space 63488K, 100% used [0x00000000eab00000,0x00000000ee900000,0x00000000ee900000)
  from space 5120K, 0% used [0x00000000eee00000,0x00000000eee00000,0x00000000ef300000)
  to   space 5120K, 0% used [0x00000000ee900000,0x00000000ee900000,0x00000000eee00000)
 ParOldGen       total 66048K, used 8925K [0x00000000c0000000, 0x00000000c4080000, 0x00000000eab00000)
  object space 66048K, 13% used [0x00000000c0000000,0x00000000c08b7420,0x00000000c4080000)
 Metaspace       used 25500K, capacity 25982K, committed 26112K, reserved 1071104K
  class space    used 3609K, capacity 3743K, committed 3840K, reserved 1048576K
Event: 3.447 GC heap after
Heap after GC invocations=6 (full 1):
 PSYoungGen      total 68608K, used 5109K [0x00000000eab00000, 0x00000000f1300000, 0x0000000100000000)
  eden space 63488K, 0% used [0x00000000eab00000,0x00000000eab00000,0x00000000ee900000)
  from space 5120K, 99% used [0x00000000ee900000,0x00000000eedfd420,0x00000000eee00000)
  to   space 10240K, 0% used [0x00000000f0900000,0x00000000f0900000,0x00000000f1300000)
 ParOldGen       total 66048K, used 10588K [0x00000000c0000000, 0x00000000c4080000, 0x00000000eab00000)
  object space 66048K, 16% used [0x00000000c0000000,0x00000000c0a571f8,0x00000000c4080000)
 Metaspace       used 25500K, capacity 25982K, committed 26112K, reserved 1071104K
  class space    used 3609K, capacity 3743K, committed 3840K, reserved 1048576K
}
Event: 4.371 GC heap before
{Heap before GC invocations=7 (full 1):
 PSYoungGen      total 68608K, used 68597K [0x00000000eab00000, 0x00000000f1300000, 0x0000000100000000)
  eden space 63488K, 100% used [0x00000000eab00000,0x00000000ee900000,0x00000000ee900000)
  from space 5120K, 99% used [0x00000000ee900000,0x00000000eedfd420,0x00000000eee00000)
  to   space 10240K, 0% used [0x00000000f0900000,0x00000000f0900000,0x00000000f1300000)
 ParOldGen       total 66048K, used 10588K [0x00000000c0000000, 0x00000000c4080000, 0x00000000eab00000)
  object space 66048K, 16% used [0x00000000c0000000,0x00000000c0a571f8,0x00000000c4080000)
 Metaspace       used 27360K, capacity 27862K, committed 28032K, reserved 1073152K
  class space    used 3826K, capacity 3939K, committed 3968K, reserved 1048576K
Event: 4.379 GC heap after
Heap after GC invocations=7 (full 1):
 PSYoungGen      total 92160K, used 5189K [0x00000000eab00000, 0x00000000f1100000, 0x0000000100000000)
  eden space 83968K, 0% used [0x00000000eab00000,0x00000000eab00000,0x00000000efd00000)
  from space 8192K, 63% used [0x00000000f0900000,0x00000000f0e117f8,0x00000000f1100000)
  to   space 10240K, 0% used [0x00000000efd00000,0x00000000efd00000,0x00000000f0700000)
 ParOldGen       total 66048K, used 10596K [0x00000000c0000000, 0x00000000c4080000, 0x00000000eab00000)
  object space 66048K, 16% used [0x00000000c0000000,0x00000000c0a591f8,0x00000000c4080000)
 Metaspace       used 27360K, capacity 27862K, committed 28032K, reserved 1073152K
  class space    used 3826K, capacity 3939K, committed 3968K, reserved 1048576K
}

