# JRE version: Java(TM) SE Runtime Environment (8.0_101-b13) (build 1.8.0_101-b13)
# Java VM: Java HotSpot(TM) 64-Bit Server VM (25.101-b13 mixed mode linux-amd64 compressed oops)
Heap:
 PSYoungGen      total 91648K, used 12218K [0x00000000eab00000, 0x00000000f2600000, 0x0000000100000000)
  eden space 81408K, 3% used [0x00000000eab00000,0x00000000eae199e0,0x00000000efa80000)
  from space 10240K, 88% used [0x00000000efa80000,0x00000000f0355128,0x00000000f0480000)
  to   space 11264K, 0% used [0x00000000f1b00000,0x00000000f1b00000,0x00000000f2600000)
 ParOldGen       total 67584K, used 10641K [0x00000000c0000000, 0x00000000c4200000, 0x00000000eab00000)
  object space 67584K, 15% used [0x00000000c0000000,0x00000000c0a64628,0x00000000c4200000)
 Metaspace       used 31224K, capacity 31808K, committed 32000K, reserved 1077248K
  class space    used 4334K, capacity 4509K, committed 4608K, reserved 1048576K
GC Heap History (10 events):
Event: 2.367 GC heap before
{Heap before GC invocations=4 (full 0):
 PSYoungGen      total 36864K, used 32806K [0x00000000eab00000, 0x00000000ef300000, 0x0000000100000000)
  eden space 31744K, 87% used [0x00000000eab00000,0x00000000ec611b20,0x00000000eca00000)
  from space 5120K, 99% used [0x00000000eca00000,0x00000000ecef8010,0x00000000ecf00000)
  to   space 5120K, 0% used [0x00000000eee00000,0x00000000eee00000,0x00000000ef300000)
 ParOldGen       total 84992K, used 4858K [0x00000000c0000000, 0x00000000c5300000, 0x00000000eab00000)
  object space 84992K, 5% used [0x00000000c0000000,0x00000000c04bea40,0x00000000c5300000)
 Metaspace       used 20867K, capacity 21256K, committed 21296K, reserved 1067008K
  class space    used 2820K, capacity 2943K, committed 2944K, reserved 1048576K
Event: 2.383 GC heap after
Heap after GC invocations=4 (full 0):
 PSYoungGen      total 68608K, used 5104K [0x00000000eab00000, 0x00000000ef300000, 0x0000000100000000)
  eden space 63488K, 0% used [0x00000000eab00000,0x00000000eab00000,0x00000000ee900000)
  from space 5120K, 99% used [0x00000000eee00000,0x00000000ef2fc020,0x00000000ef300000)
  to   space 5120K, 0% used [0x00000000ee900000,0x00000000ee900000,0x00000000eee00000)
 ParOldGen       total 84992K, used 8293K [0x00000000c0000000, 0x00000000c5300000, 0x00000000eab00000)
  object space 84992K, 9% used [0x00000000c0000000,0x00000000c0819608,0x00000000c5300000)
 Metaspace       used 20867K, capacity 21256K, committed 21296K, reserved 1067008K
  class space    used 2820K, capacity 2943K, committed 2944K, reserved 1048576K
}
Event: 2.383 GC heap before
{Heap before GC invocations=5 (full 1):
 PSYoungGen      total 68608K, used 5104K [0x00000000eab00000, 0x00000000ef300000, 0x0000000100000000)
  eden space 63488K, 0% used [0x00000000eab00000,0x00000000eab00000,0x00000000ee900000)
  from space 5120K, 99% used [0x00000000eee00000,0x00000000ef2fc020,0x00000000ef300000)
  to   space 5120K, 0% used [0x00000000ee900000,0x00000000ee900000,0x00000000eee00000)
 ParOldGen       total 84992K, used 8293K [0x00000000c0000000, 0x00000000c5300000, 0x00000000eab00000)
  object space 84992K, 9% used [0x00000000c0000000,0x00000000c0819608,0x00000000c5300000)
 Metaspace       used 20867K, capacity 21256K, committed 21296K, reserved 1067008K
  class space    used 2820K, capacity 2943K, committed 2944K, reserved 1048576K
Event: 2.477 GC heap after
Heap after GC invocations=5 (full 1):
 PSYoungGen      total 68608K, used 0K [0x00000000eab00000, 0x00000000ef300000, 0x0000000100000000)
  eden space 63488K, 0% used [0x00000000eab00000,0x00000000eab00000,0x00000000ee900000)
  from space 5120K, 0% used [0x00000000eee00000,0x00000000eee00000,0x00000000ef300000)
  to   space 5120K, 0% used [0x00000000ee900000,0x00000000ee900000,0x00000000eee00000)
 ParOldGen       total 67584K, used 8981K [0x00000000c0000000, 0x00000000c4200000, 0x00000000eab00000)
  object space 67584K, 13% used [0x00000000c0000000,0x00000000c08c56a8,0x00000000c4200000)
 Metaspace       used 20867K, capacity 21256K, committed 21296K, reserved 1067008K
  class space    used 2820K, capacity 2943K, committed 2944K, reserved 1048576K
}
Event: 3.292 GC heap before
{Heap before GC invocations=6 (full 1):
 PSYoungGen      total 68608K, used 63488K [0x00000000eab00000, 0x00000000ef300000, 0x0000000100000000)
  eden space 63488K, 100% used [0x00000000eab00000,0x00000000ee900000,0x00000000ee900000)
  from space 5120K, 0% used [0x00000000eee00000,0x00000000eee00000,0x00000000ef300000)
  to   space 5120K, 0% used [0x00000000ee900000,0x00000000ee900000,0x00000000eee00000)
 ParOldGen       total 67584K, used 8981K [0x00000000c0000000, 0x00000000c4200000, 0x00000000eab00000)
  object space 67584K, 13% used [0x00000000c0000000,0x00000000c08c56a8,0x00000000c4200000)
 Metaspace       used 25461K, capacity 25898K, committed 26112K, reserved 1071104K
  class space    used 3600K, capacity 3713K, committed 3840K, reserved 1048576K
Event: 3.304 GC heap after
Heap after GC invocations=6 (full 1):
 PSYoungGen      total 68608K, used 5097K [0x00000000eab00000, 0x00000000f1180000, 0x0000000100000000)
  eden space 63488K, 0% used [0x00000000eab00000,0x00000000eab00000,0x00000000ee900000)
  from space 5120K, 99% used [0x00000000ee900000,0x00000000eedfa450,0x00000000eee00000)
  to   space 10752K, 0% used [0x00000000f0700000,0x00000000f0700000,0x00000000f1180000)
 ParOldGen       total 67584K, used 10625K [0x00000000c0000000, 0x00000000c4200000, 0x00000000eab00000)
  object space 67584K, 15% used [0x00000000c0000000,0x00000000c0a60628,0x00000000c4200000)
 Metaspace       used 25461K, capacity 25898K, committed 26112K, reserved 1071104K
  class space    used 3600K, capacity 3713K, committed 3840K, reserved 1048576K
}
Event: 4.281 GC heap before
{Heap before GC invocations=7 (full 1):
 PSYoungGen      total 68608K, used 68585K [0x00000000eab00000, 0x00000000f1180000, 0x0000000100000000)
  eden space 63488K, 100% used [0x00000000eab00000,0x00000000ee900000,0x00000000ee900000)
  from space 5120K, 99% used [0x00000000ee900000,0x00000000eedfa450,0x00000000eee00000)
  to   space 10752K, 0% used [0x00000000f0700000,0x00000000f0700000,0x00000000f1180000)
 ParOldGen       total 67584K, used 10625K [0x00000000c0000000, 0x00000000c4200000, 0x00000000eab00000)
  object space 67584K, 15% used [0x00000000c0000000,0x00000000c0a60628,0x00000000c4200000)
 Metaspace       used 27397K, capacity 27874K, committed 28032K, reserved 1073152K
  class space    used 3827K, capacity 3941K, committed 3968K, reserved 1048576K
Event: 4.288 GC heap after
Heap after GC invocations=7 (full 1):
 PSYoungGen      total 89088K, used 4986K [0x00000000eab00000, 0x00000000f0e80000, 0x0000000100000000)
  eden space 81408K, 0% used [0x00000000eab00000,0x00000000eab00000,0x00000000efa80000)
  from space 7680K, 64% used [0x00000000f0700000,0x00000000f0bdebc0,0x00000000f0e80000)
  to   space 10240K, 0% used [0x00000000efa80000,0x00000000efa80000,0x00000000f0480000)
 ParOldGen       total 67584K, used 10633K [0x00000000c0000000, 0x00000000c4200000, 0x00000000eab00000)
  object space 67584K, 15% used [0x00000000c0000000,0x00000000c0a62628,0x00000000c4200000)
 Metaspace       used 27397K, capacity 27874K, committed 28032K, reserved 1073152K
  class space    used 3827K, capacity 3941K, committed 3968K, reserved 1048576K
}
Event: 5.635 GC heap before
{Heap before GC invocations=8 (full 1):
 PSYoungGen      total 89088K, used 86394K [0x00000000eab00000, 0x00000000f0e80000, 0x0000000100000000)
  eden space 81408K, 100% used [0x00000000eab00000,0x00000000efa80000,0x00000000efa80000)
  from space 7680K, 64% used [0x00000000f0700000,0x00000000f0bdebc0,0x00000000f0e80000)
  to   space 10240K, 0% used [0x00000000efa80000,0x00000000efa80000,0x00000000f0480000)
 ParOldGen       total 67584K, used 10633K [0x00000000c0000000, 0x00000000c4200000, 0x00000000eab00000)
  object space 67584K, 15% used [0x00000000c0000000,0x00000000c0a62628,0x00000000c4200000)
 Metaspace       used 31080K, capacity 31636K, committed 31872K, reserved 1077248K
  class space    used 4319K, capacity 4475K, committed 4480K, reserved 1048576K
Event: 5.651 GC heap after
Heap after GC invocations=8 (full 1):
 PSYoungGen      total 91648K, used 9044K [0x00000000eab00000, 0x00000000f2600000, 0x0000000100000000)
  eden space 81408K, 0% used [0x00000000eab00000,0x00000000eab00000,0x00000000efa80000)
  from space 10240K, 88% used [0x00000000efa80000,0x00000000f0355128,0x00000000f0480000)
  to   space 11264K, 0% used [0x00000000f1b00000,0x00000000f1b00000,0x00000000f2600000)
 ParOldGen       total 67584K, used 10641K [0x00000000c0000000, 0x00000000c4200000, 0x00000000eab00000)
  object space 67584K, 15% used [0x00000000c0000000,0x00000000c0a64628,0x00000000c4200000)
 Metaspace       used 31080K, capacity 31636K, committed 31872K, reserved 1077248K
  class space    used 4319K, capacity 4475K, committed 4480K, reserved 1048576K
}

