# JRE version: Java(TM) SE Runtime Environment (8.0_101-b13) (build 1.8.0_101-b13)
# Java VM: Java HotSpot(TM) 64-Bit Server VM (25.101-b13 mixed mode linux-amd64 compressed oops)
Heap:
 PSYoungGen      total 105472K, used 11758K [0x00000000eab00000, 0x00000000f2780000, 0x0000000100000000)
  eden space 93696K, 0% used [0x00000000eab00000,0x00000000eab00000,0x00000000f0680000)
  from space 11776K, 99% used [0x00000000f1380000,0x00000000f1efb9b8,0x00000000f1f00000)
  to   space 13312K, 0% used [0x00000000f0680000,0x00000000f0680000,0x00000000f1380000)
 ParOldGen       total 61952K, used 10488K [0x00000000c0000000, 0x00000000c3c80000, 0x00000000eab00000)
  object space 61952K, 16% used [0x00000000c0000000,0x00000000c0a3e028,0x00000000c3c80000)
 Metaspace       used 34823K, capacity 35418K, committed 35456K, reserved 1079296K
  class space    used 4842K, capacity 4991K, committed 4992K, reserved 1048576K
GC Heap History (10 events):
Event: 6.864 GC heap after
Heap after GC invocations=7 (full 1):
 PSYoungGen      total 58880K, used 5116K [0x00000000eab00000, 0x00000000eef80000, 0x0000000100000000)
  eden space 47616K, 0% used [0x00000000eab00000,0x00000000eab00000,0x00000000ed980000)
  from space 11264K, 45% used [0x00000000ee400000,0x00000000ee8ff1c8,0x00000000eef00000)
  to   space 10752K, 0% used [0x00000000ed980000,0x00000000ed980000,0x00000000ee400000)
 ParOldGen       total 61952K, used 8940K [0x00000000c0000000, 0x00000000c3c80000, 0x00000000eab00000)
  object space 61952K, 14% used [0x00000000c0000000,0x00000000c08bb3c0,0x00000000c3c80000)
 Metaspace       used 25675K, capacity 26126K, committed 26368K, reserved 1071104K
  class space    used 3630K, capacity 3735K, committed 3840K, reserved 1048576K
}
Event: 7.888 GC heap before
{Heap before GC invocations=8 (full 1):
 PSYoungGen      total 58880K, used 52732K [0x00000000eab00000, 0x00000000eef80000, 0x0000000100000000)
  eden space 47616K, 100% used [0x00000000eab00000,0x00000000ed980000,0x00000000ed980000)
  from space 11264K, 45% used [0x00000000ee400000,0x00000000ee8ff1c8,0x00000000eef00000)
  to   space 10752K, 0% used [0x00000000ed980000,0x00000000ed980000,0x00000000ee400000)
 ParOldGen       total 61952K, used 8940K [0x00000000c0000000, 0x00000000c3c80000, 0x00000000eab00000)
  object space 61952K, 14% used [0x00000000c0000000,0x00000000c08bb3c0,0x00000000c3c80000)
 Metaspace       used 27254K, capacity 27718K, committed 27776K, reserved 1073152K
  class space    used 3819K, capacity 3963K, committed 3968K, reserved 1048576K
Event: 7.898 GC heap after
Heap after GC invocations=8 (full 1):
 PSYoungGen      total 58368K, used 4503K [0x00000000eab00000, 0x00000000f0680000, 0x0000000100000000)
  eden space 47616K, 0% used [0x00000000eab00000,0x00000000eab00000,0x00000000ed980000)
  from space 10752K, 41% used [0x00000000ed980000,0x00000000edde5f28,0x00000000ee400000)
  to   space 10752K, 0% used [0x00000000efc00000,0x00000000efc00000,0x00000000f0680000)
 ParOldGen       total 61952K, used 8948K [0x00000000c0000000, 0x00000000c3c80000, 0x00000000eab00000)
  object space 61952K, 14% used [0x00000000c0000000,0x00000000c08bd3c0,0x00000000c3c80000)
 Metaspace       used 27254K, capacity 27718K, committed 27776K, reserved 1073152K
  class space    used 3819K, capacity 3963K, committed 3968K, reserved 1048576K
}
Event: 9.368 GC heap before
{Heap before GC invocations=9 (full 1):
 PSYoungGen      total 58368K, used 52119K [0x00000000eab00000, 0x00000000f0680000, 0x0000000100000000)
  eden space 47616K, 100% used [0x00000000eab00000,0x00000000ed980000,0x00000000ed980000)
  from space 10752K, 41% used [0x00000000ed980000,0x00000000edde5f28,0x00000000ee400000)
  to   space 10752K, 0% used [0x00000000efc00000,0x00000000efc00000,0x00000000f0680000)
 ParOldGen       total 61952K, used 8948K [0x00000000c0000000, 0x00000000c3c80000, 0x00000000eab00000)
  object space 61952K, 14% used [0x00000000c0000000,0x00000000c08bd3c0,0x00000000c3c80000)
 Metaspace       used 28972K, capacity 29396K, committed 29568K, reserved 1075200K
  class space    used 4019K, capacity 4141K, committed 4224K, reserved 1048576K
Event: 9.381 GC heap after
Heap after GC invocations=9 (full 1):
 PSYoungGen      total 80896K, used 5884K [0x00000000eab00000, 0x00000000f0500000, 0x0000000100000000)
  eden space 71680K, 0% used [0x00000000eab00000,0x00000000eab00000,0x00000000ef100000)
  from space 9216K, 63% used [0x00000000efc00000,0x00000000f01bf078,0x00000000f0500000)
  to   space 10240K, 0% used [0x00000000ef100000,0x00000000ef100000,0x00000000efb00000)
 ParOldGen       total 61952K, used 8956K [0x00000000c0000000, 0x00000000c3c80000, 0x00000000eab00000)
  object space 61952K, 14% used [0x00000000c0000000,0x00000000c08bf3c0,0x00000000c3c80000)
 Metaspace       used 28972K, capacity 29396K, committed 29568K, reserved 1075200K
  class space    used 4019K, capacity 4141K, committed 4224K, reserved 1048576K
}
Event: 10.559 GC heap before
{Heap before GC invocations=10 (full 1):
 PSYoungGen      total 80896K, used 77564K [0x00000000eab00000, 0x00000000f0500000, 0x0000000100000000)
  eden space 71680K, 100% used [0x00000000eab00000,0x00000000ef100000,0x00000000ef100000)
  from space 9216K, 63% used [0x00000000efc00000,0x00000000f01bf078,0x00000000f0500000)
  to   space 10240K, 0% used [0x00000000ef100000,0x00000000ef100000,0x00000000efb00000)
 ParOldGen       total 61952K, used 8956K [0x00000000c0000000, 0x00000000c3c80000, 0x00000000eab00000)
  object space 61952K, 14% used [0x00000000c0000000,0x00000000c08bf3c0,0x00000000c3c80000)
 Metaspace       used 33053K, capacity 33570K, committed 33664K, reserved 1079296K
  class space    used 4555K, capacity 4696K, committed 4736K, reserved 1048576K
Event: 10.580 GC heap after
Heap after GC invocations=10 (full 1):
 PSYoungGen      total 81920K, used 10215K [0x00000000eab00000, 0x00000000f1f00000, 0x0000000100000000)
  eden space 71680K, 0% used [0x00000000eab00000,0x00000000eab00000,0x00000000ef100000)
  from space 10240K, 99% used [0x00000000ef100000,0x00000000efaf9f98,0x00000000efb00000)
  to   space 11776K, 0% used [0x00000000f1380000,0x00000000f1380000,0x00000000f1f00000)
 ParOldGen       total 61952K, used 10099K [0x00000000c0000000, 0x00000000c3c80000, 0x00000000eab00000)
  object space 61952K, 16% used [0x00000000c0000000,0x00000000c09dcd00,0x00000000c3c80000)
 Metaspace       used 33053K, capacity 33570K, committed 33664K, reserved 1079296K
  class space    used 4555K, capacity 4696K, committed 4736K, reserved 1048576K
}
Event: 11.109 GC heap before
{Heap before GC invocations=11 (full 1):
 PSYoungGen      total 81920K, used 38004K [0x00000000eab00000, 0x00000000f1f00000, 0x0000000100000000)
  eden space 71680K, 38% used [0x00000000eab00000,0x00000000ec623288,0x00000000ef100000)
  from space 10240K, 99% used [0x00000000ef100000,0x00000000efaf9f98,0x00000000efb00000)
  to   space 11776K, 0% used [0x00000000f1380000,0x00000000f1380000,0x00000000f1f00000)
 ParOldGen       total 61952K, used 10099K [0x00000000c0000000, 0x00000000c3c80000, 0x00000000eab00000)
  object space 61952K, 16% used [0x00000000c0000000,0x00000000c09dcd00,0x00000000c3c80000)
 Metaspace       used 34823K, capacity 35418K, committed 35456K, reserved 1079296K
  class space    used 4842K, capacity 4991K, committed 4992K, reserved 1048576K
Event: 11.137 GC heap after
Heap after GC invocations=11 (full 1):
 PSYoungGen      total 105472K, used 11758K [0x00000000eab00000, 0x00000000f2780000, 0x0000000100000000)
  eden space 93696K, 0% used [0x00000000eab00000,0x00000000eab00000,0x00000000f0680000)
  from space 11776K, 99% used [0x00000000f1380000,0x00000000f1efb9b8,0x00000000f1f00000)
  to   space 13312K, 0% used [0x00000000f0680000,0x00000000f0680000,0x00000000f1380000)
 ParOldGen       total 61952K, used 10488K [0x00000000c0000000, 0x00000000c3c80000, 0x00000000eab00000)
  object space 61952K, 16% used [0x00000000c0000000,0x00000000c0a3e028,0x00000000c3c80000)
 Metaspace       used 34823K, capacity 35418K, committed 35456K, reserved 1079296K
  class space    used 4842K, capacity 4991K, committed 4992K, reserved 1048576K
}
Event: 11.137 GC heap before
{Heap before GC invocations=12 (full 2):
 PSYoungGen      total 105472K, used 11758K [0x00000000eab00000, 0x00000000f2780000, 0x0000000100000000)
  eden space 93696K, 0% used [0x00000000eab00000,0x00000000eab00000,0x00000000f0680000)
  from space 11776K, 99% used [0x00000000f1380000,0x00000000f1efb9b8,0x00000000f1f00000)
  to   space 13312K, 0% used [0x00000000f0680000,0x00000000f0680000,0x00000000f1380000)
 ParOldGen       total 61952K, used 10488K [0x00000000c0000000, 0x00000000c3c80000, 0x00000000eab00000)
  object space 61952K, 16% used [0x00000000c0000000,0x00000000c0a3e028,0x00000000c3c80000)
 Metaspace       used 34823K, capacity 35418K, committed 35456K, reserved 1079296K
  class space    used 4842K, capacity 4991K, committed 4992K, reserved 1048576K

