# JRE version: Java(TM) SE Runtime Environment (8.0_101-b13) (build 1.8.0_101-b13)
# Java VM: Java HotSpot(TM) 64-Bit Server VM (25.101-b13 mixed mode linux-amd64 compressed oops)
Heap:
 PSYoungGen      total 105472K, used 10726K [0x00000000eab00000, 0x00000000f2700000, 0x0000000100000000)
  eden space 94720K, 0% used [0x00000000eab00000,0x00000000eab00000,0x00000000f0780000)
  from space 10752K, 99% used [0x00000000f1480000,0x00000000f1ef9ac8,0x00000000f1f00000)
  to   space 13312K, 0% used [0x00000000f0780000,0x00000000f0780000,0x00000000f1480000)
 ParOldGen       total 71168K, used 16372K [0x00000000c0000000, 0x00000000c4580000, 0x00000000eab00000)
  object space 71168K, 23% used [0x00000000c0000000,0x00000000c0ffd2a0,0x00000000c4580000)
 Metaspace       used 34740K, capacity 35370K, committed 35456K, reserved 1079296K
  class space    used 4816K, capacity 4967K, committed 4992K, reserved 1048576K
GC Heap History (10 events):
Event: 2.537 GC heap after
Heap after GC invocations=5 (full 1):
 PSYoungGen      total 68608K, used 0K [0x00000000eab00000, 0x00000000ef300000, 0x0000000100000000)
  eden space 63488K, 0% used [0x00000000eab00000,0x00000000eab00000,0x00000000ee900000)
  from space 5120K, 0% used [0x00000000eee00000,0x00000000eee00000,0x00000000ef300000)
  to   space 5120K, 0% used [0x00000000ee900000,0x00000000ee900000,0x00000000eee00000)
 ParOldGen       total 71168K, used 12184K [0x00000000c0000000, 0x00000000c4580000, 0x00000000eab00000)
  object space 71168K, 17% used [0x00000000c0000000,0x00000000c0be6060,0x00000000c4580000)
 Metaspace       used 20853K, capacity 21244K, committed 21296K, reserved 1067008K
  class space    used 2819K, capacity 2941K, committed 2944K, reserved 1048576K
}
Event: 3.680 GC heap before
{Heap before GC invocations=6 (full 1):
 PSYoungGen      total 68608K, used 63488K [0x00000000eab00000, 0x00000000ef300000, 0x0000000100000000)
  eden space 63488K, 100% used [0x00000000eab00000,0x00000000ee900000,0x00000000ee900000)
  from space 5120K, 0% used [0x00000000eee00000,0x00000000eee00000,0x00000000ef300000)
  to   space 5120K, 0% used [0x00000000ee900000,0x00000000ee900000,0x00000000eee00000)
 ParOldGen       total 71168K, used 12184K [0x00000000c0000000, 0x00000000c4580000, 0x00000000eab00000)
  object space 71168K, 17% used [0x00000000c0000000,0x00000000c0be6060,0x00000000c4580000)
 Metaspace       used 25435K, capacity 25886K, committed 25984K, reserved 1071104K
  class space    used 3599K, capacity 3711K, committed 3712K, reserved 1048576K
Event: 3.688 GC heap after
Heap after GC invocations=6 (full 1):
 PSYoungGen      total 68608K, used 5097K [0x00000000eab00000, 0x00000000f0e80000, 0x0000000100000000)
  eden space 63488K, 0% used [0x00000000eab00000,0x00000000eab00000,0x00000000ee900000)
  from space 5120K, 99% used [0x00000000ee900000,0x00000000eedfa450,0x00000000eee00000)
  to   space 10240K, 0% used [0x00000000f0480000,0x00000000f0480000,0x00000000f0e80000)
 ParOldGen       total 71168K, used 13798K [0x00000000c0000000, 0x00000000c4580000, 0x00000000eab00000)
  object space 71168K, 19% used [0x00000000c0000000,0x00000000c0d799e8,0x00000000c4580000)
 Metaspace       used 25435K, capacity 25886K, committed 25984K, reserved 1071104K
  class space    used 3599K, capacity 3711K, committed 3712K, reserved 1048576K
}
Event: 4.968 GC heap before
{Heap before GC invocations=7 (full 1):
 PSYoungGen      total 68608K, used 68585K [0x00000000eab00000, 0x00000000f0e80000, 0x0000000100000000)
  eden space 63488K, 100% used [0x00000000eab00000,0x00000000ee900000,0x00000000ee900000)
  from space 5120K, 99% used [0x00000000ee900000,0x00000000eedfa450,0x00000000eee00000)
  to   space 10240K, 0% used [0x00000000f0480000,0x00000000f0480000,0x00000000f0e80000)
 ParOldGen       total 71168K, used 13798K [0x00000000c0000000, 0x00000000c4580000, 0x00000000eab00000)
  object space 71168K, 19% used [0x00000000c0000000,0x00000000c0d799e8,0x00000000c4580000)
 Metaspace       used 27357K, capacity 27798K, committed 28032K, reserved 1073152K
  class space    used 3826K, capacity 3939K, committed 3968K, reserved 1048576K
Event: 4.975 GC heap after
Heap after GC invocations=7 (full 1):
 PSYoungGen      total 86528K, used 5067K [0x00000000eab00000, 0x00000000f0c00000, 0x0000000100000000)
  eden space 78848K, 0% used [0x00000000eab00000,0x00000000eab00000,0x00000000ef800000)
  from space 7680K, 65% used [0x00000000f0480000,0x00000000f0972e48,0x00000000f0c00000)
  to   space 10240K, 0% used [0x00000000ef800000,0x00000000ef800000,0x00000000f0200000)
 ParOldGen       total 71168K, used 13806K [0x00000000c0000000, 0x00000000c4580000, 0x00000000eab00000)
  object space 71168K, 19% used [0x00000000c0000000,0x00000000c0d7b9e8,0x00000000c4580000)
 Metaspace       used 27357K, capacity 27798K, committed 28032K, reserved 1073152K
  class space    used 3826K, capacity 3939K, committed 3968K, reserved 1048576K
}
Event: 6.877 GC heap before
{Heap before GC invocations=8 (full 1):
 PSYoungGen      total 86528K, used 83915K [0x00000000eab00000, 0x00000000f0c00000, 0x0000000100000000)
  eden space 78848K, 100% used [0x00000000eab00000,0x00000000ef800000,0x00000000ef800000)
  from space 7680K, 65% used [0x00000000f0480000,0x00000000f0972e48,0x00000000f0c00000)
  to   space 10240K, 0% used [0x00000000ef800000,0x00000000ef800000,0x00000000f0200000)
 ParOldGen       total 71168K, used 13806K [0x00000000c0000000, 0x00000000c4580000, 0x00000000eab00000)
  object space 71168K, 19% used [0x00000000c0000000,0x00000000c0d7b9e8,0x00000000c4580000)
 Metaspace       used 30859K, capacity 31400K, committed 31616K, reserved 1077248K
  class space    used 4283K, capacity 4441K, committed 4480K, reserved 1048576K
Event: 6.898 GC heap after
Heap after GC invocations=8 (full 1):
 PSYoungGen      total 89088K, used 8763K [0x00000000eab00000, 0x00000000f1f00000, 0x0000000100000000)
  eden space 78848K, 0% used [0x00000000eab00000,0x00000000eab00000,0x00000000ef800000)
  from space 10240K, 85% used [0x00000000ef800000,0x00000000f008ee50,0x00000000f0200000)
  to   space 10752K, 0% used [0x00000000f1480000,0x00000000f1480000,0x00000000f1f00000)
 ParOldGen       total 71168K, used 13814K [0x00000000c0000000, 0x00000000c4580000, 0x00000000eab00000)
  object space 71168K, 19% used [0x00000000c0000000,0x00000000c0d7d9e8,0x00000000c4580000)
 Metaspace       used 30859K, capacity 31400K, committed 31616K, reserved 1077248K
  class space    used 4283K, capacity 4441K, committed 4480K, reserved 1048576K
}
Event: 7.703 GC heap before
{Heap before GC invocations=9 (full 1):
 PSYoungGen      total 89088K, used 64617K [0x00000000eab00000, 0x00000000f1f00000, 0x0000000100000000)
  eden space 78848K, 70% used [0x00000000eab00000,0x00000000ee18b760,0x00000000ef800000)
  from space 10240K, 85% used [0x00000000ef800000,0x00000000f008ee50,0x00000000f0200000)
  to   space 10752K, 0% used [0x00000000f1480000,0x00000000f1480000,0x00000000f1f00000)
 ParOldGen       total 71168K, used 13814K [0x00000000c0000000, 0x00000000c4580000, 0x00000000eab00000)
  object space 71168K, 19% used [0x00000000c0000000,0x00000000c0d7d9e8,0x00000000c4580000)
 Metaspace       used 34740K, capacity 35370K, committed 35456K, reserved 1079296K
  class space    used 4816K, capacity 4967K, committed 4992K, reserved 1048576K
Event: 7.725 GC heap after
Heap after GC invocations=9 (full 1):
 PSYoungGen      total 105472K, used 10726K [0x00000000eab00000, 0x00000000f2700000, 0x0000000100000000)
  eden space 94720K, 0% used [0x00000000eab00000,0x00000000eab00000,0x00000000f0780000)
  from space 10752K, 99% used [0x00000000f1480000,0x00000000f1ef9ac8,0x00000000f1f00000)
  to   space 13312K, 0% used [0x00000000f0780000,0x00000000f0780000,0x00000000f1480000)
 ParOldGen       total 71168K, used 16372K [0x00000000c0000000, 0x00000000c4580000, 0x00000000eab00000)
  object space 71168K, 23% used [0x00000000c0000000,0x00000000c0ffd2a0,0x00000000c4580000)
 Metaspace       used 34740K, capacity 35370K, committed 35456K, reserved 1079296K
  class space    used 4816K, capacity 4967K, committed 4992K, reserved 1048576K
}
Event: 7.725 GC heap before
{Heap before GC invocations=10 (full 2):
 PSYoungGen      total 105472K, used 10726K [0x00000000eab00000, 0x00000000f2700000, 0x0000000100000000)
  eden space 94720K, 0% used [0x00000000eab00000,0x00000000eab00000,0x00000000f0780000)
  from space 10752K, 99% used [0x00000000f1480000,0x00000000f1ef9ac8,0x00000000f1f00000)
  to   space 13312K, 0% used [0x00000000f0780000,0x00000000f0780000,0x00000000f1480000)
 ParOldGen       total 71168K, used 16372K [0x00000000c0000000, 0x00000000c4580000, 0x00000000eab00000)
  object space 71168K, 23% used [0x00000000c0000000,0x00000000c0ffd2a0,0x00000000c4580000)
 Metaspace       used 34740K, capacity 35370K, committed 35456K, reserved 1079296K
  class space    used 4816K, capacity 4967K, committed 4992K, reserved 1048576K

